2018-12-11 17:42:04,944 INFO o.a.j.u.JMeterUtils: Setting Locale to en_EN
2018-12-11 17:42:05,288 INFO o.a.j.JMeter: Loading user properties from: user.properties
2018-12-11 17:42:05,352 INFO o.a.j.JMeter: Loading system properties from: system.properties
2018-12-11 17:42:05,376 INFO o.a.j.JMeter: Copyright (c) 1998-2018 The Apache Software Foundation
2018-12-11 17:42:05,376 INFO o.a.j.JMeter: Version 5.0 r1840935
2018-12-11 17:42:05,376 INFO o.a.j.JMeter: java.version=1.8.0_181
2018-12-11 17:42:05,376 INFO o.a.j.JMeter: java.vm.name=Java HotSpot(TM) 64-Bit Server VM
2018-12-11 17:42:05,376 INFO o.a.j.JMeter: os.name=Windows 10
2018-12-11 17:42:05,376 INFO o.a.j.JMeter: os.arch=amd64
2018-12-11 17:42:05,376 INFO o.a.j.JMeter: os.version=10.0
2018-12-11 17:42:05,376 INFO o.a.j.JMeter: file.encoding=Cp1252
2018-12-11 17:42:05,376 INFO o.a.j.JMeter: Max memory     =1073741824
2018-12-11 17:42:05,380 INFO o.a.j.JMeter: Available Processors =4
2018-12-11 17:42:05,416 INFO o.a.j.JMeter: Default Locale=English (EN)
2018-12-11 17:42:05,420 INFO o.a.j.JMeter: JMeter  Locale=English (EN)
2018-12-11 17:42:05,420 INFO o.a.j.JMeter: JMeterHome=C:\Users\john_\OneDrive\Documents\GitHub\htb-challenge\apache-jmeter-5.0
2018-12-11 17:42:05,420 INFO o.a.j.JMeter: user.dir  =C:\Users\john_\OneDrive\Documents\GitHub\htb-challenge\apache-jmeter-5.0\bin
2018-12-11 17:42:05,424 INFO o.a.j.JMeter: PWD       =C:\Users\john_\OneDrive\Documents\GitHub\htb-challenge\apache-jmeter-5.0\bin
2018-12-11 17:42:05,428 INFO o.a.j.JMeter: IP: 127.0.0.1 Name: DESKTOP-KC8VMI5 FullName: DESKTOP-KC8VMI5
2018-12-11 17:42:06,248 INFO o.a.j.g.a.LookAndFeelCommand: Installing Darcula LAF
2018-12-11 17:42:06,304 INFO o.a.j.g.a.LookAndFeelCommand: Using look and feel: com.sun.java.swing.plaf.windows.WindowsLookAndFeel [Darcula]
2018-12-11 17:42:06,304 INFO o.a.j.JMeter: Setting LAF to: com.sun.java.swing.plaf.windows.WindowsLookAndFeel
2018-12-11 17:42:06,384 INFO o.a.j.JMeter: Loaded icon properties from org/apache/jmeter/images/icon.properties
2018-12-11 17:42:08,043 INFO o.a.j.e.u.CompoundVariable: Note: Function class names must contain the string: '.functions.'
2018-12-11 17:42:08,043 INFO o.a.j.e.u.CompoundVariable: Note: Function class names must not contain the string: '.gui.'
2018-12-11 17:42:13,088 INFO o.a.j.p.h.s.HTTPSamplerBase: Parser for text/html is org.apache.jmeter.protocol.http.parser.LagartoBasedHtmlParser
2018-12-11 17:42:13,088 INFO o.a.j.p.h.s.HTTPSamplerBase: Parser for application/xhtml+xml is org.apache.jmeter.protocol.http.parser.LagartoBasedHtmlParser
2018-12-11 17:42:13,088 INFO o.a.j.p.h.s.HTTPSamplerBase: Parser for application/xml is org.apache.jmeter.protocol.http.parser.LagartoBasedHtmlParser
2018-12-11 17:42:13,088 INFO o.a.j.p.h.s.HTTPSamplerBase: Parser for text/xml is org.apache.jmeter.protocol.http.parser.LagartoBasedHtmlParser
2018-12-11 17:42:13,088 INFO o.a.j.p.h.s.HTTPSamplerBase: Parser for text/vnd.wap.wml is org.apache.jmeter.protocol.http.parser.RegexpHTMLParser
2018-12-11 17:42:13,088 INFO o.a.j.p.h.s.HTTPSamplerBase: Parser for text/css is org.apache.jmeter.protocol.http.parser.CssParser
2018-12-11 17:42:14,518 INFO o.a.j.e.KeyToolUtils: keytool found at 'keytool'
2018-12-11 17:42:14,518 INFO o.a.j.p.h.p.ProxyControl: HTTP(S) Test Script Recorder SSL Proxy will use keys that support embedded 3rd party resources in file C:\Users\john_\OneDrive\Documents\GitHub\htb-challenge\apache-jmeter-5.0\bin\proxyserver.jks
2018-12-11 17:42:14,826 INFO o.a.j.s.FileServer: Default base='C:\Users\john_\OneDrive\Documents\GitHub\htb-challenge\apache-jmeter-5.0\bin'
2018-12-11 17:42:16,145 INFO o.a.j.s.SampleResult: Note: Sample TimeStamps are START times
2018-12-11 17:42:16,145 INFO o.a.j.s.SampleResult: sampleresult.default.encoding is set to ISO-8859-1
2018-12-11 17:42:16,145 INFO o.a.j.s.SampleResult: sampleresult.useNanoTime=true
2018-12-11 17:42:16,145 INFO o.a.j.s.SampleResult: sampleresult.nanoThreadSleep=5000
2018-12-11 17:46:09,209 INFO o.a.j.g.a.Load: Loading file: C:\Users\john_\OneDrive\Documents\GitHub\htb-challenge\challenges\cryptography\SickTeacher\CrosswordSolver-WordGusser.jmx
2018-12-11 17:46:09,209 INFO o.a.j.s.FileServer: Set new base='C:\Users\john_\OneDrive\Documents\GitHub\htb-challenge\challenges\cryptography\SickTeacher'
2018-12-11 17:46:09,436 INFO o.a.j.s.SaveService: Testplan (JMX) version: 2.2. Testlog (JTL) version: 2.2
2018-12-11 17:46:09,490 INFO o.a.j.s.SaveService: Using SaveService properties file encoding UTF-8
2018-12-11 17:46:09,490 INFO o.a.j.s.SaveService: Using SaveService properties version 5.0
2018-12-11 17:46:09,494 INFO o.a.j.s.SaveService: Loading file: C:\Users\john_\OneDrive\Documents\GitHub\htb-challenge\challenges\cryptography\SickTeacher\CrosswordSolver-WordGusser.jmx
2018-12-11 17:46:09,793 INFO o.a.j.s.FileServer: Set new base='C:\Users\john_\OneDrive\Documents\GitHub\htb-challenge\challenges\cryptography\SickTeacher'
2018-12-11 17:47:13,783 INFO o.a.j.e.StandardJMeterEngine: Running the test!
2018-12-11 17:47:13,787 INFO o.a.j.s.SampleEvent: List of sample_variables: []
2018-12-11 17:47:13,787 INFO o.a.j.s.SampleEvent: List of sample_variables: []
2018-12-11 17:47:13,807 INFO o.a.j.g.u.JMeterMenuBar: setRunning(true, *local*)
2018-12-11 17:47:14,043 INFO o.a.j.e.StandardJMeterEngine: Starting ThreadGroup: 1 : Thread Group
2018-12-11 17:47:14,043 INFO o.a.j.e.StandardJMeterEngine: Starting 1 threads for group Thread Group.
2018-12-11 17:47:14,043 INFO o.a.j.e.StandardJMeterEngine: Thread will continue on error
2018-12-11 17:47:14,043 INFO o.a.j.t.ThreadGroup: Starting thread group... number=1 threads=1 ramp-up=1 perThread=1000.0 delayedStart=false
2018-12-11 17:47:14,063 INFO o.a.j.t.ThreadGroup: Started thread group number 1
2018-12-11 17:47:14,063 INFO o.a.j.e.StandardJMeterEngine: All thread groups have been started
2018-12-11 17:47:14,067 INFO o.a.j.t.JMeterThread: Thread started: Thread Group 1-1
2018-12-11 17:47:14,071 INFO o.a.j.c.LoopController: iterationStart called on Loop Controller with source org.apache.jmeter.control.LoopController@19c697a3 and iteration 1
2018-12-11 17:47:14,083 INFO o.a.j.c.LoopController: iterationStart called on Loop Controller with source org.apache.jmeter.control.LoopController@4fbd7318 and iteration 1
2018-12-11 17:47:15,279 INFO o.a.j.c.LoopController: iterationStart called on Loop Controller with source org.apache.jmeter.control.LoopController@4fbd7318 and iteration 2
2018-12-11 17:47:16,096 INFO o.a.j.c.LoopController: iterationStart called on Loop Controller with source org.apache.jmeter.control.LoopController@4fbd7318 and iteration 3
2018-12-11 17:47:16,987 INFO o.a.j.c.LoopController: iterationStart called on Loop Controller with source org.apache.jmeter.control.LoopController@4fbd7318 and iteration 4
2018-12-11 17:47:17,618 INFO o.a.j.c.LoopController: iterationStart called on Loop Controller with source org.apache.jmeter.control.LoopController@4fbd7318 and iteration 5
2018-12-11 17:47:20,360 INFO o.a.j.c.LoopController: iterationStart called on Loop Controller with source org.apache.jmeter.control.LoopController@4fbd7318 and iteration 6
2018-12-11 17:47:20,883 INFO o.a.j.c.LoopController: iterationStart called on Loop Controller with source org.apache.jmeter.control.LoopController@4fbd7318 and iteration 7
2018-12-11 17:47:21,484 INFO o.a.j.c.LoopController: iterationStart called on Loop Controller with source org.apache.jmeter.control.LoopController@4fbd7318 and iteration 8
2018-12-11 17:47:22,039 INFO o.a.j.c.LoopController: iterationStart called on Loop Controller with source org.apache.jmeter.control.LoopController@4fbd7318 and iteration 9
2018-12-11 17:47:23,679 INFO o.a.j.c.LoopController: iterationStart called on Loop Controller with source org.apache.jmeter.control.LoopController@4fbd7318 and iteration 10
2018-12-11 17:47:24,220 INFO o.a.j.c.LoopController: iterationStart called on Loop Controller with source org.apache.jmeter.control.LoopController@4fbd7318 and iteration 11
2018-12-11 17:47:24,825 INFO o.a.j.c.LoopController: iterationStart called on Loop Controller with source org.apache.jmeter.control.LoopController@4fbd7318 and iteration 12
2018-12-11 17:47:25,783 INFO o.a.j.c.LoopController: iterationStart called on Loop Controller with source org.apache.jmeter.control.LoopController@4fbd7318 and iteration 13
2018-12-11 17:47:26,560 INFO o.a.j.c.LoopController: iterationStart called on Loop Controller with source org.apache.jmeter.control.LoopController@4fbd7318 and iteration 14
2018-12-11 17:47:27,586 INFO o.a.j.c.LoopController: iterationStart called on Loop Controller with source org.apache.jmeter.control.LoopController@4fbd7318 and iteration 15
2018-12-11 17:47:29,128 INFO o.a.j.c.LoopController: iterationStart called on Loop Controller with source org.apache.jmeter.control.LoopController@4fbd7318 and iteration 16
2018-12-11 17:47:29,977 INFO o.a.j.c.LoopController: iterationStart called on Loop Controller with source org.apache.jmeter.control.LoopController@4fbd7318 and iteration 17
2018-12-11 17:47:30,559 INFO o.a.j.c.LoopController: iterationStart called on Loop Controller with source org.apache.jmeter.control.LoopController@4fbd7318 and iteration 18
2018-12-11 17:47:31,605 INFO o.a.j.c.LoopController: iterationStart called on Loop Controller with source org.apache.jmeter.control.LoopController@4fbd7318 and iteration 19
2018-12-11 17:47:32,479 INFO o.a.j.c.LoopController: iterationStart called on Loop Controller with source org.apache.jmeter.control.LoopController@4fbd7318 and iteration 20
2018-12-11 17:47:33,937 INFO o.a.j.c.LoopController: iterationStart called on Loop Controller with source org.apache.jmeter.control.LoopController@4fbd7318 and iteration 21
2018-12-11 17:47:34,747 INFO o.a.j.c.LoopController: iterationStart called on Loop Controller with source org.apache.jmeter.control.LoopController@4fbd7318 and iteration 22
2018-12-11 17:47:35,561 INFO o.a.j.c.LoopController: iterationStart called on Loop Controller with source org.apache.jmeter.control.LoopController@4fbd7318 and iteration 23
2018-12-11 17:47:36,221 INFO o.a.j.c.LoopController: iterationStart called on Loop Controller with source org.apache.jmeter.control.LoopController@4fbd7318 and iteration 24
2018-12-11 17:47:36,782 INFO o.a.j.c.LoopController: iterationStart called on Loop Controller with source org.apache.jmeter.control.LoopController@4fbd7318 and iteration 25
2018-12-11 17:47:37,417 INFO o.a.j.c.LoopController: iterationStart called on Loop Controller with source org.apache.jmeter.control.LoopController@4fbd7318 and iteration 26
2018-12-11 17:47:38,061 INFO o.a.j.t.JMeterThread: Thread is done: Thread Group 1-1
2018-12-11 17:47:38,061 INFO o.a.j.t.JMeterThread: Thread finished: Thread Group 1-1
2018-12-11 17:47:38,061 INFO o.a.j.e.StandardJMeterEngine: Notifying test listeners of end of test
2018-12-11 17:47:38,061 INFO o.a.j.g.u.JMeterMenuBar: setRunning(false, *local*)
2018-12-11 17:48:00,484 INFO o.a.j.e.StandardJMeterEngine: Running the test!
2018-12-11 17:48:00,484 INFO o.a.j.s.SampleEvent: List of sample_variables: []
2018-12-11 17:48:00,504 INFO o.a.j.g.u.JMeterMenuBar: setRunning(true, *local*)
2018-12-11 17:48:00,649 INFO o.a.j.e.StandardJMeterEngine: Starting ThreadGroup: 1 : Thread Group
2018-12-11 17:48:00,649 INFO o.a.j.e.StandardJMeterEngine: Starting 1 threads for group Thread Group.
2018-12-11 17:48:00,649 INFO o.a.j.e.StandardJMeterEngine: Thread will continue on error
2018-12-11 17:48:00,649 INFO o.a.j.t.ThreadGroup: Starting thread group... number=1 threads=1 ramp-up=1 perThread=1000.0 delayedStart=false
2018-12-11 17:48:00,661 INFO o.a.j.t.ThreadGroup: Started thread group number 1
2018-12-11 17:48:00,661 INFO o.a.j.e.StandardJMeterEngine: All thread groups have been started
2018-12-11 17:48:00,665 INFO o.a.j.t.JMeterThread: Thread started: Thread Group 1-1
2018-12-11 17:48:00,665 INFO o.a.j.c.LoopController: iterationStart called on Loop Controller with source org.apache.jmeter.control.LoopController@4b479229 and iteration 1
2018-12-11 17:48:00,669 INFO o.a.j.c.LoopController: iterationStart called on Loop Controller with source org.apache.jmeter.control.LoopController@4a1b78dc and iteration 1
2018-12-11 17:48:01,572 INFO o.a.j.c.LoopController: iterationStart called on Loop Controller with source org.apache.jmeter.control.LoopController@4a1b78dc and iteration 2
2018-12-11 17:48:02,051 INFO o.a.j.c.LoopController: iterationStart called on Loop Controller with source org.apache.jmeter.control.LoopController@4a1b78dc and iteration 3
2018-12-11 17:48:02,710 INFO o.a.j.c.LoopController: iterationStart called on Loop Controller with source org.apache.jmeter.control.LoopController@4a1b78dc and iteration 4
2018-12-11 17:48:03,310 INFO o.a.j.c.LoopController: iterationStart called on Loop Controller with source org.apache.jmeter.control.LoopController@4a1b78dc and iteration 5
2018-12-11 17:48:05,829 INFO o.a.j.c.LoopController: iterationStart called on Loop Controller with source org.apache.jmeter.control.LoopController@4a1b78dc and iteration 6
2018-12-11 17:48:06,277 INFO o.a.j.c.LoopController: iterationStart called on Loop Controller with source org.apache.jmeter.control.LoopController@4a1b78dc and iteration 7
2018-12-11 17:48:06,730 INFO o.a.j.c.LoopController: iterationStart called on Loop Controller with source org.apache.jmeter.control.LoopController@4a1b78dc and iteration 8
2018-12-11 17:48:07,192 INFO o.a.j.c.LoopController: iterationStart called on Loop Controller with source org.apache.jmeter.control.LoopController@4a1b78dc and iteration 9
2018-12-11 17:48:08,845 INFO o.a.j.c.LoopController: iterationStart called on Loop Controller with source org.apache.jmeter.control.LoopController@4a1b78dc and iteration 10
2018-12-11 17:48:09,316 INFO o.a.j.c.LoopController: iterationStart called on Loop Controller with source org.apache.jmeter.control.LoopController@4a1b78dc and iteration 11
2018-12-11 17:48:09,909 INFO o.a.j.c.LoopController: iterationStart called on Loop Controller with source org.apache.jmeter.control.LoopController@4a1b78dc and iteration 12
2018-12-11 17:48:10,802 INFO o.a.j.c.LoopController: iterationStart called on Loop Controller with source org.apache.jmeter.control.LoopController@4a1b78dc and iteration 13
2018-12-11 17:48:11,528 INFO o.a.j.c.LoopController: iterationStart called on Loop Controller with source org.apache.jmeter.control.LoopController@4a1b78dc and iteration 14
2018-12-11 17:48:12,549 INFO o.a.j.c.LoopController: iterationStart called on Loop Controller with source org.apache.jmeter.control.LoopController@4a1b78dc and iteration 15
2018-12-11 17:48:13,819 INFO o.a.j.c.LoopController: iterationStart called on Loop Controller with source org.apache.jmeter.control.LoopController@4a1b78dc and iteration 16
2018-12-11 17:48:14,605 INFO o.a.j.c.LoopController: iterationStart called on Loop Controller with source org.apache.jmeter.control.LoopController@4a1b78dc and iteration 17
2018-12-11 17:48:15,159 INFO o.a.j.c.LoopController: iterationStart called on Loop Controller with source org.apache.jmeter.control.LoopController@4a1b78dc and iteration 18
2018-12-11 17:48:16,136 INFO o.a.j.c.LoopController: iterationStart called on Loop Controller with source org.apache.jmeter.control.LoopController@4a1b78dc and iteration 19
2018-12-11 17:48:16,955 INFO o.a.j.c.LoopController: iterationStart called on Loop Controller with source org.apache.jmeter.control.LoopController@4a1b78dc and iteration 20
2018-12-11 17:48:18,302 INFO o.a.j.c.LoopController: iterationStart called on Loop Controller with source org.apache.jmeter.control.LoopController@4a1b78dc and iteration 21
2018-12-11 17:48:19,031 INFO o.a.j.c.LoopController: iterationStart called on Loop Controller with source org.apache.jmeter.control.LoopController@4a1b78dc and iteration 22
2018-12-11 17:48:19,798 INFO o.a.j.c.LoopController: iterationStart called on Loop Controller with source org.apache.jmeter.control.LoopController@4a1b78dc and iteration 23
2018-12-11 17:48:20,459 INFO o.a.j.c.LoopController: iterationStart called on Loop Controller with source org.apache.jmeter.control.LoopController@4a1b78dc and iteration 24
2018-12-11 17:48:21,138 INFO o.a.j.c.LoopController: iterationStart called on Loop Controller with source org.apache.jmeter.control.LoopController@4a1b78dc and iteration 25
2018-12-11 17:48:21,792 INFO o.a.j.c.LoopController: iterationStart called on Loop Controller with source org.apache.jmeter.control.LoopController@4a1b78dc and iteration 26
2018-12-11 17:48:22,467 INFO o.a.j.t.JMeterThread: Thread is done: Thread Group 1-1
2018-12-11 17:48:22,467 INFO o.a.j.t.JMeterThread: Thread finished: Thread Group 1-1
2018-12-11 17:48:22,467 INFO o.a.j.e.StandardJMeterEngine: Notifying test listeners of end of test
2018-12-11 17:48:22,467 INFO o.a.j.g.u.JMeterMenuBar: setRunning(false, *local*)
